nohup: ignoring input

> my-v0-project@0.1.0 dev /home/ishan/Documents/Rukshan/Projects/SAAS/app-temp-next (copy)
> next dev

   ▲ Next.js 15.2.4
   - Local:        http://localhost:3000
   - Network:      http://192.168.106.208:3000
   - Environments: .env

 ✓ Starting...
 ✓ Ready in 2.8s
 ○ Compiling /api/auth/login ...
 ✓ Compiled /api/auth/login in 1771ms (387 modules)
 POST /api/auth/login 401 in 2485ms
Creating session with token: 9ccf82abdc15ef46a1e667820b453a90bd77d631d89bd08280e58c45a159ec06
Setting cookie with token: 9ccf82abdc15ef46a1e667820b453a90bd77d631d89bd08280e58c45a159ec06 expires: 2025-09-27T05:07:50.337Z
Cookie set successfully
 POST /api/auth/login 200 in 424ms
 ○ Compiling /api/categories ...
 ✓ Compiled /api/categories in 571ms (391 modules)
Session token from cookie: 9ccf82abdc15ef46a1e667820b453a90bd77d631d89bd08280e58c45a159ec06
User from database: {
  id: '1',
  email: 'admin@example.com',
  name: 'Admin User',
  role: 'user',
  theme_preference: 'dark',
  expires: 2025-09-27T05:07:50.337Z
}
Session valid, returning user
 GET /api/categories 200 in 711ms
 ○ Compiling /login ...
 ✓ Compiled /login in 1511ms (813 modules)
Session token from cookie: undefined
No session token found
 GET /login?id=b791b431-9ed2-4105-b5af-e6d36b36a3de&vscodeBrowserReqId=1758344895640 200 in 1847ms
 ○ Compiling /api/auth/csrf ...
 ✓ Compiled /categories in 3.7s (1062 modules)
Session token from cookie: undefined
No session token found
Session token from cookie: undefined
No session token found
 GET /api/categories 401 in 117ms
 GET /categories?id=b791b431-9ed2-4105-b5af-e6d36b36a3de&vscodeBrowserReqId=1758344899744 200 in 2830ms
 ○ Compiling /products ...
 ✓ Compiled /products in 1560ms (1078 modules)
Session token from cookie: undefined
No session token found
 ○ Compiling /api/products/categories ...
 ✓ Compiled /api/products/categories in 1297ms (1084 modules)
Session token from cookie: undefined
No session token found
 GET /api/products/categories 401 in 1450ms
Session token from cookie: undefined
No session token found
 GET /api/products 401 in 1473ms
 GET /products?id=b791b431-9ed2-4105-b5af-e6d36b36a3de&vscodeBrowserReqId=1758344903234 200 in 3656ms
Session token from cookie: undefined
No session token found
 GET /api/categories 401 in 39ms
 GET /categories 200 in 221ms
 ✓ Compiled in 2.3s (1098 modules)
Session token from cookie: undefined
No session token found
Session token from cookie: undefined
No session token found
 GET /api/categories 401 in 277ms
 GET /categories 200 in 699ms
 ✓ Compiled in 2.6s (1098 modules)
 GET /api/categories 401 in 99ms
 GET /categories 200 in 449ms
User from database: {
  id: '1',
  email: 'admin@example.com',
  name: 'Admin User',
  role: 'user',
  theme_preference: 'dark',
  expires: 2025-09-27T05:00:11.126Z
}
Session valid, returning user
 GET /api/categories 401 in 178ms
 GET /categories 200 in 413ms
 ○ Compiling /_not-found ...
 ✓ Compiled /_not-found in 1790ms (1083 modules)
 GET /.well-known/appspecific/com.chrome.devtools.json 404 in 2381ms
